<?xml version="1.0" encoding="UTF-8"?>
<testsuite xmlns:xsi="http://www.w3.org/2001/XMLSchema-instance" xsi:noNamespaceSchemaLocation="https://maven.apache.org/surefire/maven-surefire-plugin/xsd/surefire-test-report.xsd" name="RunnerTest" time="180.688" tests="4" errors="0" skipped="0" failures="0">
  <properties>
[...]
</properties>
  <testcase name="Найдем самые дорогие принтеры на авито" classname="Поиск на авито" time="39.64"/>
  <testcase name="Найдем самые дорогие принтеры на авито со спецификацией #1" classname="Поиск на авито" time="47.192"/>
  <testcase name="Найдем самые дорогие принтеры на авито со спецификацией #2" classname="Поиск на авито" time="50.265"/>
  <testcase name="Найдем самые дорогие принтеры на авито со спецификацией #3" classname="Поиск на авито" time="42.958"/>
</testsuite>